Command: 
jar tf "C:\Users\marcos.sousa\Desktop\java2op\ePOS-Print\ePOS-Print.jar"

Output:
META-INF/MANIFEST.MF
com/epson/eposprint/BatteryOkEventListener.class
com/epson/eposprint/PaperNearEndEventListener.class
com/epson/eposprint/PowerOffEventListener.class
com/epson/eposprint/BatteryStatusChangeEventListener.class
com/epson/eposprint/OfflineEventListener.class
com/epson/eposprint/StatusChangeEventListener.class
com/epson/eposprint/CoverOkEventListener.class
com/epson/eposprint/Print.class
com/epson/eposprint/OnlineEventListener.class
com/epson/eposprint/Log.class
com/epson/eposprint/PaperEndEventListener.class
com/epson/eposprint/PaperOkEventListener.class
com/epson/eposprint/EposException.class
com/epson/eposprint/Builder.class
com/epson/eposprint/DrawerClosedEventListener.class
com/epson/eposprint/BatteryLowEventListener.class
com/epson/eposprint/DrawerOpenEventListener.class
com/epson/eposprint/CoverOpenEventListener.class
com/epson/epsonio/DeviceInfo.class
com/epson/epsonio/EpsonIo.class
com/epson/epsonio/NetIFInfo.class
com/epson/epsonio/EpsonIoException.class
com/epson/epsonio/Finder.class
com/epson/epsonio/FilterOption.class
com/epson/epsonio/DevType.class
com/epson/epsonio/NetIfResult.class
com/epson/epsonio/SupportUsb.class
com/epson/epsonio/IoStatus.class
com/epson/epsonio/bluetooth/AdapterHandler.class
com/epson/epsonio/bluetooth/NetBt.class
com/epson/epsonio/bluetooth/DevBt$1.class
com/epson/epsonio/bluetooth/DevBt$2.class
com/epson/epsonio/bluetooth/DevBt.class
com/epson/epsonio/usb/DevUsb$1.class
com/epson/epsonio/usb/DevUsb$2.class
com/epson/epsonio/usb/DevUsb$3.class
com/epson/epsonio/usb/DevUsb.class
com/epson/epsonio/usb/UsbConnecter.class
com/epson/epsonio/usb/NetUsb.class
